--- Log opened Wed Apr 14 02:44:12 2010
02:44 [msg(nickserv)] id ixxx
02:44 -NickServ(NickServ@services.)- This nickname is registered. Please choose a different nickname, or identify via /msg NickServ identify <password>.
02:44 -NickServ(NickServ@services.)- Invalid password for aic.
--- Log closed Wed Apr 14 02:44:17 2010
--- Log opened Wed Apr 14 02:50:16 2010
02:50 [msg(nickserv)] id ixxx
02:50 -NickServ(NickServ@services.)- optedobl1vion2 is not a registered nickname.
--- Log closed Wed Apr 14 02:50:22 2010
--- Log opened Wed Apr 14 02:51:40 2010
02:51 [msg(nickserv)] id ixxx
02:51 -NickServ(NickServ@services.)- This nickname is registered. Please choose a different nickname, or identify via /msg NickServ identify <password>.
02:51 -NickServ(NickServ@services.)- Invalid password for optedoblivion.
--- Log closed Wed Apr 14 02:52:09 2010
--- Log opened Wed Apr 14 02:57:03 2010
02:57 [msg(nickserv)] id ixxx
02:57 -NickServ(NickServ@services.)- This nickname is registered. Please choose a different nickname, or identify via /msg NickServ identify <password>.
02:57 -NickServ(NickServ@services.)- Invalid password for optedoblivion.
--- Log closed Wed Apr 14 02:59:31 2010
--- Log opened Thu Apr 15 13:25:48 2010
13:25 [msg(nickserv)] id ixxx
13:25 -NickServ(NickServ@services.)- This nickname is registered. Please choose a different nickname, or identify via /msg NickServ identify <password>.
13:25 -NickServ(NickServ@services.)- Invalid password for optedoblivion.
13:26 [msg(nickserv)] identify suenos
13:26 -NickServ(NickServ@services.)- You are now identified for optedoblivion.
13:26 -NickServ(NickServ@services.)- 1 failed login since last login.
13:26 -NickServ(NickServ@services.)- Last failed attempt from: optedoblivion!~optedobli@wsip-98-190-217-103.ga.at.cox.net on Apr 15 17:24:16 2010.
--- Log closed Thu Apr 15 13:26:35 2010
--- Log opened Thu Apr 15 13:28:08 2010
13:28 -NickServ(NickServ@services.)- This nickname is registered. Please choose a different nickname, or identify via /msg NickServ identify <password>.
--- Log closed Thu Apr 15 13:29:11 2010
--- Log opened Thu Apr 15 13:32:42 2010
13:32 -NickServ(NickServ@services.)- This nickname is registered. Please choose a different nickname, or identify via /msg NickServ identify <password>.
--- Log closed Thu Apr 15 13:34:20 2010
--- Log opened Thu Apr 15 13:35:51 2010
13:35 -NickServ(NickServ@services.)- This nickname is registered. Please choose a different nickname, or identify via /msg NickServ identify <password>.
13:36 [msg(NickServ)] identify suenos
13:36 -NickServ(NickServ@services.)- You are now identified for optedoblivion.
--- Log closed Thu Apr 15 13:41:37 2010
--- Log opened Mon Apr 19 11:14:11 2010
11:14 -NickServ(NickServ@services.)- This nickname is registered. Please choose a different nickname, or identify via /msg NickServ identify <password>.
11:14 [msg(NickServ)] id suenos
11:14 -NickServ(NickServ@services.)- You are now identified for optedoblivion.
--- Log closed Mon Apr 19 11:19:55 2010
--- Log opened Mon Apr 19 15:37:57 2010
15:37 -NickServ(NickServ@services.)- This nickname is registered. Please choose a different nickname, or identify via /msg NickServ identify <password>.
15:38 [msg(nickserv)] id suenos
15:38 -NickServ(NickServ@services.)- You are now identified for optedoblivion.
--- Log closed Mon Apr 19 15:43:55 2010
--- Log opened Tue Apr 20 10:53:40 2010
10:53 -NickServ(NickServ@services.)- This nickname is registered. Please choose a different nickname, or identify via /msg NickServ identify <password>.
10:53 [msg(nickserv)] id suenos
10:53 -NickServ(NickServ@services.)- You are now identified for optedoblivion.
--- Log closed Tue Apr 20 10:59:28 2010
--- Log opened Tue Apr 20 16:12:49 2010
16:12 -NickServ(NickServ@services.)- This nickname is registered. Please choose a different nickname, or identify via /msg NickServ identify <password>.
--- Log closed Tue Apr 20 16:18:11 2010
--- Log opened Tue Apr 20 16:44:24 2010
16:44 -NickServ(NickServ@services.)- This nickname is registered. Please choose a different nickname, or identify via /msg NickServ identify <password>.
16:44 [msg(nickserv)] id suenos
16:44 -NickServ(NickServ@services.)- You are now identified for optedoblivion.
--- Log closed Tue Apr 20 16:50:09 2010
--- Log opened Wed Apr 21 12:53:01 2010
12:53 -NickServ(NickServ@services.)- This nickname is registered. Please choose a different nickname, or identify via /msg NickServ identify <password>.
--- Log closed Wed Apr 21 12:53:47 2010
--- Log opened Wed Apr 21 12:54:12 2010
12:54 [msg(nickserv)] identify suenos
12:54 -NickServ(NickServ@services.)- This nickname is registered. Please choose a different nickname, or identify via /msg NickServ identify <password>.
12:54 -NickServ(NickServ@services.)- You are now identified for optedoblivion.
--- Log closed Wed Apr 21 12:54:40 2010
--- Log opened Wed Apr 21 12:58:07 2010
12:58 -NickServ(NickServ@services.)- This nickname is registered. Please choose a different nickname, or identify via /msg NickServ identify <password>.
--- Log closed Wed Apr 21 13:00:28 2010
--- Log opened Wed Apr 21 13:00:58 2010
13:00 [msg(nickserv)] identify suenos
13:00 -NickServ(NickServ@services.)- This nickname is registered. Please choose a different nickname, or identify via /msg NickServ identify <password>.
13:01 -NickServ(NickServ@services.)- You are now identified for optedoblivion.
--- Log closed Wed Apr 21 13:01:37 2010
--- Log opened Wed Apr 21 13:05:11 2010
13:05 [msg(nickserv)] identify suenos
13:05 -NickServ(NickServ@services.)- This nickname is registered. Please choose a different nickname, or identify via /msg NickServ identify <password>.
13:05 -NickServ(NickServ@services.)- You are now identified for optedoblivion.
--- Log closed Wed Apr 21 13:10:59 2010
--- Log opened Wed Apr 21 14:04:11 2010
14:04 [msg(nickserv)] identify suenos
14:04 -NickServ(NickServ@services.)- This nickname is registered. Please choose a different nickname, or identify via /msg NickServ identify <password>.
14:04 -NickServ(NickServ@services.)- You are now identified for optedoblivion.
--- Log closed Wed Apr 21 14:09:37 2010
--- Log opened Thu Apr 22 14:24:51 2010
14:24 [msg(nickserv)] identify suenos
14:24 -NickServ(NickServ@services.)- This nickname is registered. Please choose a different nickname, or identify via /msg NickServ identify <password>.
14:24 -NickServ(NickServ@services.)- You are now identified for optedoblivion.
14:25 [msg(nickserv)] identify suenos
14:25 -NickServ(NickServ@services.)- You are already logged in as optedoblivion.
--- Log closed Thu Apr 22 14:26:34 2010
--- Log opened Thu Apr 22 14:26:50 2010
14:26 [msg(nickserv)] identify suenos
14:26 -NickServ(NickServ@services.)- This nickname is registered. Please choose a different nickname, or identify via /msg NickServ identify <password>.
14:26 -NickServ(NickServ@services.)- You are now identified for optedoblivion.
--- Log closed Thu Apr 22 14:32:37 2010
--- Log opened Fri Apr 23 10:34:58 2010
10:34 [msg(nickserv)] identify suenos
10:34 -NickServ(NickServ@services.)- This nickname is registered. Please choose a different nickname, or identify via /msg NickServ identify <password>.
10:35 -NickServ(NickServ@services.)- You are now identified for optedoblivion.
--- Log closed Fri Apr 23 10:40:43 2010
--- Log opened Fri Apr 23 10:51:50 2010
10:51 [msg(nickserv)] identify suenos
10:51 -NickServ(NickServ@services.)- This nickname is registered. Please choose a different nickname, or identify via /msg NickServ identify <password>.
10:51 -NickServ(NickServ@services.)- You are now identified for optedoblivion.
--- Log closed Fri Apr 23 10:57:16 2010
--- Log opened Mon Apr 26 10:41:26 2010
10:41 [msg(nickserv)] identify suenos
10:41 -NickServ(NickServ@services.)- This nickname is registered. Please choose a different nickname, or identify via /msg NickServ identify <password>.
10:41 -NickServ(NickServ@services.)- You are now identified for optedoblivion.
--- Log closed Mon Apr 26 10:47:13 2010
--- Log opened Tue Apr 27 11:46:45 2010
11:46 [msg(nickserv)] identify suenos
11:46 -NickServ(NickServ@services.)- This nickname is registered. Please choose a different nickname, or identify via /msg NickServ identify <password>.
11:46 -NickServ(NickServ@services.)- You are now identified for optedoblivion.
--- Log closed Tue Apr 27 11:52:32 2010
--- Log opened Wed Apr 28 15:16:04 2010
15:16 [msg(nickserv)] identify suenos
15:16 -NickServ(NickServ@services.)- This nickname is registered. Please choose a different nickname, or identify via /msg NickServ identify <password>.
15:16 -NickServ(NickServ@services.)- You are now identified for optedoblivion.
--- Log closed Wed Apr 28 15:21:49 2010
--- Log opened Thu Apr 29 11:46:16 2010
11:46 [msg(nickserv)] identify suenos
11:46 -NickServ(NickServ@services.)- This nickname is registered. Please choose a different nickname, or identify via /msg NickServ identify <password>.
11:46 -NickServ(NickServ@services.)- You are now identified for optedoblivion.
--- Log closed Thu Apr 29 11:52:03 2010
--- Log opened Thu Apr 29 15:07:38 2010
15:07 [msg(nickserv)] identify suenos
15:07 -NickServ(NickServ@services.)- This nickname is registered. Please choose a different nickname, or identify via /msg NickServ identify <password>.
15:07 -NickServ(NickServ@services.)- You are now identified for optedoblivion.
--- Log closed Thu Apr 29 15:13:03 2010
--- Log opened Thu Apr 29 15:23:24 2010
15:23 [msg(nickserv)] identify suenos
15:23 -NickServ(NickServ@services.)- This nickname is registered. Please choose a different nickname, or identify via /msg NickServ identify <password>.
15:23 -NickServ(NickServ@services.)- You are now identified for optedoblivion.
--- Log closed Thu Apr 29 15:29:03 2010
--- Log opened Fri Apr 30 15:02:52 2010
15:02 [msg(nickserv)] identify suenos
15:02 -NickServ(NickServ@services.)- This nickname is registered. Please choose a different nickname, or identify via /msg NickServ identify <password>.
15:02 -NickServ(NickServ@services.)- You are now identified for optedoblivion.
--- Log closed Fri Apr 30 15:08:39 2010
--- Log opened Sun May 02 00:08:53 2010
00:08 [msg(nickserv)] identify suenos
00:08 -NickServ(NickServ@services.)- This nickname is registered. Please choose a different nickname, or identify via /msg NickServ identify <password>.
00:08 -NickServ(NickServ@services.)- You are now identified for optedoblivion.
--- Log closed Sun May 02 00:14:38 2010
--- Log opened Sun May 02 00:51:26 2010
00:51 [msg(nickserv)] identify suenos
00:51 -NickServ(NickServ@services.)- This nickname is registered. Please choose a different nickname, or identify via /msg NickServ identify <password>.
00:51 -NickServ(NickServ@services.)- You are now identified for optedoblivion.
--- Log closed Sun May 02 00:57:10 2010
--- Log opened Sun May 02 21:03:31 2010
21:03 [msg(nickserv)] identify suenos
21:03 -NickServ(NickServ@services.)- This nickname is registered. Please choose a different nickname, or identify via /msg NickServ identify <password>.
21:03 -NickServ(NickServ@services.)- You are now identified for optedoblivion.
--- Log closed Sun May 02 21:09:19 2010
--- Log opened Mon May 03 00:46:07 2010
00:46 [msg(nickserv)] identify suenos
00:46 -NickServ(NickServ@services.)- This nickname is registered. Please choose a different nickname, or identify via /msg NickServ identify <password>.
00:46 -NickServ(NickServ@services.)- You are now identified for optedoblivion.
--- Log closed Mon May 03 00:51:05 2010
