--- Log opened Wed Apr 14 02:50:05 2010
--- Log closed Wed Apr 14 02:50:22 2010
--- Log opened Wed Apr 14 02:51:29 2010
--- Log closed Wed Apr 14 02:52:09 2010
--- Log opened Wed Apr 14 02:56:52 2010
--- Log closed Wed Apr 14 02:59:31 2010
--- Log opened Thu Apr 15 13:25:24 2010
--- Log closed Thu Apr 15 13:25:28 2010
--- Log opened Thu Apr 15 13:25:38 2010
--- Log closed Thu Apr 15 13:26:35 2010
--- Log opened Thu Apr 15 13:27:57 2010
--- Log closed Thu Apr 15 13:29:11 2010
--- Log opened Thu Apr 15 13:32:29 2010
--- Log closed Thu Apr 15 13:34:20 2010
--- Log opened Thu Apr 15 13:35:37 2010
--- Log closed Thu Apr 15 13:40:37 2010
--- Log opened Mon Apr 19 11:13:56 2010
--- Log closed Mon Apr 19 11:19:55 2010
--- Log opened Mon Apr 19 15:37:45 2010
--- Log closed Mon Apr 19 15:42:55 2010
--- Log opened Tue Apr 20 10:53:29 2010
--- Log closed Tue Apr 20 10:59:28 2010
--- Log opened Tue Apr 20 16:12:36 2010
--- Log closed Tue Apr 20 16:18:11 2010
--- Log opened Tue Apr 20 16:44:10 2010
--- Log closed Tue Apr 20 16:50:09 2010
--- Log opened Wed Apr 21 12:52:47 2010
--- Log closed Wed Apr 21 12:53:47 2010
--- Log opened Wed Apr 21 12:53:59 2010
--- Log closed Wed Apr 21 12:54:40 2010
--- Log opened Wed Apr 21 12:57:52 2010
--- Log closed Wed Apr 21 13:00:28 2010
--- Log opened Wed Apr 21 13:00:47 2010
--- Log closed Wed Apr 21 13:01:37 2010
--- Log opened Wed Apr 21 13:04:59 2010
--- Log closed Wed Apr 21 13:09:59 2010
--- Log opened Wed Apr 21 14:03:57 2010
--- Log closed Wed Apr 21 14:09:37 2010
--- Log opened Thu Apr 22 14:24:38 2010
--- Log closed Thu Apr 22 14:26:34 2010
--- Log opened Thu Apr 22 14:26:37 2010
--- Log closed Thu Apr 22 14:31:37 2010
--- Log opened Fri Apr 23 10:34:44 2010
--- Log closed Fri Apr 23 10:40:43 2010
--- Log opened Fri Apr 23 10:51:37 2010
--- Log closed Fri Apr 23 10:57:16 2010
--- Log opened Mon Apr 26 10:41:14 2010
--- Log closed Mon Apr 26 10:47:13 2010
--- Log opened Tue Apr 27 11:46:33 2010
--- Log closed Tue Apr 27 11:52:32 2010
--- Log opened Wed Apr 28 15:15:50 2010
--- Log closed Wed Apr 28 15:21:49 2010
--- Log opened Thu Apr 29 11:46:03 2010
--- Log closed Thu Apr 29 11:51:03 2010
--- Log opened Thu Apr 29 15:07:23 2010
--- Log closed Thu Apr 29 15:13:03 2010
--- Log opened Thu Apr 29 15:23:10 2010
--- Log closed Thu Apr 29 15:29:03 2010
--- Log opened Fri Apr 30 15:02:39 2010
--- Log closed Fri Apr 30 15:07:39 2010
--- Log opened Sun May 02 00:08:39 2010
--- Log closed Sun May 02 00:14:38 2010
--- Log opened Sun May 02 00:51:13 2010
--- Log closed Sun May 02 00:57:10 2010
--- Log opened Sun May 02 21:03:20 2010
--- Log closed Sun May 02 21:09:19 2010
--- Log opened Mon May 03 00:45:54 2010
--- Log closed Mon May 03 00:51:05 2010
